<?xml version="1.0" encoding="UTF-8"?>
<!-- Generated by org.testng.reporters.JUnitReportReporter -->
<testsuite skipped="0" hostname="DESKTOP-9EFLT4A" name="scripts.Testcase2" tests="1" failures="0" timestamp="2022-10-17T08:38:55 IST" time="87.176" errors="0">
  <testcase name="tc2" time="87.176" classname="scripts.Testcase2"/>
  <system-out/>
</testsuite> <!-- scripts.Testcase2 -->
