<?xml version="1.0" encoding="UTF-8"?>
<!-- Generated by org.testng.reporters.JUnitReportReporter -->
<testsuite skipped="0" hostname="DESKTOP-9EFLT4A" name="scripts.Testcase1" tests="1" failures="0" timestamp="2022-10-16T13:09:48 IST" time="68.233" errors="0">
  <testcase name="tc1" time="68.233" classname="scripts.Testcase1"/>
  <system-out/>
</testsuite> <!-- scripts.Testcase1 -->
