<?xml version="1.0" encoding="UTF-8"?>
<!-- Generated by org.testng.reporters.JUnitReportReporter -->
<testsuite skipped="0" hostname="DESKTOP-9EFLT4A" name="scripts.Testcase3" tests="1" failures="0" timestamp="2022-10-17T09:32:21 IST" time="40.705" errors="0">
  <testcase name="tc3" time="40.705" classname="scripts.Testcase3"/>
  <system-out/>
</testsuite> <!-- scripts.Testcase3 -->
